<?xml version="1.0" encoding="UTF-8"?>
<!-- Generated by org.testng.reporters.JUnitXMLReporter -->
<testsuite ignored="0" hostname="Andrus" failures="0" tests="3" name="Default test" time="8.87" errors="0" timestamp="2025-08-12T15:49:59 IST">
  <testcase classname="com.assessment.interview_assessment.GoRestApiTests" name="createUser" time="5.17"/>
  <testcase classname="com.assessment.interview_assessment.GoRestApiTests" name="getUserDetails" time="1.469"/>
  <testcase classname="com.assessment.interview_assessment.GoRestApiTests" name="updateUserDetails" time="1.382"/>
</testsuite> <!-- Default test -->
